TN:
SF:src\backlink-core-plugin.ts
FN:41,patchBacklinksCorePlugin
FN:50,(anonymous_1)
FN:51,onUserEnablePatched
FN:62,reloadBacklinksView
FN:72,getBacklinkView
FN:82,onBacklinksCorePluginEnable
FN:83,(anonymous_6)
FN:86,patchBacklinksPane
FN:95,(anonymous_8)
FN:96,recomputeBacklinkPatched
FN:97,(anonymous_10)
FN:104,patchCanvasContent
FN:110,(anonymous_12)
FN:124,recomputeBacklinkAsync
FN:145,(anonymous_14)
FN:145,(anonymous_15)
FN:156,showBacklinks
FN:186,(anonymous_17)
FN:196,(anonymous_18)
FNF:19
FNH:19
FNDA:22,patchBacklinksCorePlugin
FNDA:1,(anonymous_1)
FNDA:1,onUserEnablePatched
FNDA:3,reloadBacklinksView
FNDA:23,getBacklinkView
FNDA:20,onBacklinksCorePluginEnable
FNDA:20,(anonymous_6)
FNDA:20,patchBacklinksPane
FNDA:18,(anonymous_8)
FNDA:18,recomputeBacklinkPatched
FNDA:18,(anonymous_10)
FNDA:9,patchCanvasContent
FNDA:7,(anonymous_12)
FNDA:18,recomputeBacklinkAsync
FNDA:16,(anonymous_14)
FNDA:16,(anonymous_15)
FNDA:15,showBacklinks
FNDA:2,(anonymous_17)
FNDA:23,(anonymous_18)
DA:36,2
DA:42,22
DA:43,22
DA:44,22
DA:45,1
DA:48,21
DA:49,21
DA:51,1
DA:52,1
DA:53,1
DA:57,21
DA:58,19
DA:63,3
DA:64,3
DA:65,1
DA:67,2
DA:68,1
DA:73,23
DA:74,23
DA:75,2
DA:78,21
DA:79,21
DA:83,20
DA:87,20
DA:88,20
DA:89,20
DA:90,1
DA:93,19
DA:94,19
DA:96,18
DA:97,18
DA:98,18
DA:105,9
DA:110,9
DA:111,7
DA:112,3
DA:119,4
DA:121,9
DA:125,18
DA:126,18
DA:127,18
DA:128,1
DA:129,1
DA:132,17
DA:133,17
DA:134,17
DA:135,17
DA:136,17
DA:137,1
DA:140,16
DA:141,16
DA:142,16
DA:143,16
DA:145,16
DA:146,16
DA:148,16
DA:149,15
DA:152,16
DA:153,16
DA:157,15
DA:158,15
DA:159,15
DA:160,1
DA:163,14
DA:164,14
DA:165,9
DA:166,9
DA:169,14
DA:173,14
DA:175,14
DA:176,14
DA:177,1
DA:178,1
DA:179,13
DA:180,1
DA:181,1
DA:186,2
DA:188,1
DA:189,12
DA:190,11
DA:191,11
DA:196,23
DA:198,11
DA:200,11
DA:201,10
DA:202,1
DA:205,1
DA:208,9
DA:209,10
DA:210,1
DA:213,1
DA:216,8
DA:217,8
DA:218,7
DA:219,7
DA:222,8
DA:223,4
DA:224,1
DA:228,1
DA:231,3
DA:232,4
DA:233,3
DA:234,1
DA:238,1
DA:241,2
DA:242,1
DA:244,1
DA:245,1
DA:248,1
DA:251,1
DA:256,9
DA:257,8
LF:112
LH:112
BRDA:44,0,0,1
BRDA:44,0,1,21
BRDA:57,1,0,19
BRDA:57,1,1,2
BRDA:64,2,0,1
BRDA:64,2,1,2
BRDA:67,3,0,1
BRDA:67,3,1,1
BRDA:74,4,0,2
BRDA:74,4,1,21
BRDA:89,5,0,1
BRDA:89,5,1,19
BRDA:111,6,0,3
BRDA:111,6,1,4
BRDA:127,7,0,1
BRDA:127,7,1,17
BRDA:136,8,0,1
BRDA:136,8,1,16
BRDA:149,9,0,15
BRDA:149,9,1,1
BRDA:159,10,0,1
BRDA:159,10,1,14
BRDA:164,11,0,9
BRDA:164,11,1,5
BRDA:176,12,0,1
BRDA:176,12,1,13
BRDA:179,13,0,1
BRDA:179,13,1,12
BRDA:186,14,0,1
BRDA:186,14,1,1
BRDA:189,15,0,11
BRDA:189,15,1,1
BRDA:196,16,0,10
BRDA:196,16,1,13
BRDA:200,17,0,10
BRDA:200,17,1,1
BRDA:201,18,0,1
BRDA:201,18,1,9
BRDA:209,19,0,1
BRDA:209,19,1,9
BRDA:217,20,0,7
BRDA:217,20,1,1
BRDA:222,21,0,4
BRDA:222,21,1,4
BRDA:223,22,0,1
BRDA:223,22,1,3
BRDA:232,23,0,3
BRDA:232,23,1,1
BRDA:233,24,0,1
BRDA:233,24,1,2
BRDA:241,25,0,1
BRDA:241,25,1,1
BRDA:256,26,0,8
BRDA:256,26,1,1
BRF:54
BRH:54
end_of_record
TN:
SF:src\canvas.ts
FN:29,isCanvasPluginEnabled
FN:37,initCanvasHandlers
FN:41,(anonymous_2)
FN:41,(anonymous_3)
FN:44,(anonymous_4)
FN:47,(anonymous_5)
FN:50,(anonymous_6)
FN:53,(anonymous_7)
FN:63,(anonymous_8)
FN:66,(anonymous_9)
FN:75,(anonymous_10)
FN:80,initCanvasMetadataCache
FN:156,addCanvasMetadata
FN:172,arrayBufferToHexString
FN:186,getCache
FN:194,getFileHash
FN:200,handleFileCreateOrModify
FN:204,(anonymous_17)
FN:210,handleFileDelete
FN:217,handleFileRename
FN:228,onCanvasCorePluginDisable
FN:230,(anonymous_21)
FN:235,onCanvasCorePluginEnable
FN:236,(anonymous_23)
FN:242,processAllCanvasFiles
FN:245,(anonymous_25)
FN:246,(anonymous_26)
FN:247,(anonymous_27)
FN:257,removeCanvasMetadataCache
FN:259,(anonymous_29)
FNF:30
FNH:30
FNDA:2,isCanvasPluginEnabled
FNDA:18,initCanvasHandlers
FNDA:2,(anonymous_2)
FNDA:3,(anonymous_3)
FNDA:2,(anonymous_4)
FNDA:1,(anonymous_5)
FNDA:2,(anonymous_6)
FNDA:3,(anonymous_7)
FNDA:6,(anonymous_8)
FNDA:2,(anonymous_9)
FNDA:1,(anonymous_10)
FNDA:12,initCanvasMetadataCache
FNDA:5,addCanvasMetadata
FNDA:11,arrayBufferToHexString
FNDA:3,getCache
FNDA:11,getFileHash
FNDA:3,handleFileCreateOrModify
FNDA:2,(anonymous_17)
FNDA:2,handleFileDelete
FNDA:3,handleFileRename
FNDA:4,onCanvasCorePluginDisable
FNDA:4,(anonymous_21)
FNDA:3,onCanvasCorePluginEnable
FNDA:3,(anonymous_23)
FNDA:3,processAllCanvasFiles
FNDA:1,(anonymous_25)
FNDA:1,(anonymous_26)
FNDA:1,(anonymous_27)
FNDA:4,removeCanvasMetadataCache
FNDA:3,(anonymous_29)
DA:30,2
DA:33,2
DA:38,18
DA:39,18
DA:40,18
DA:41,3
DA:44,18
DA:45,2
DA:47,18
DA:48,1
DA:50,18
DA:51,2
DA:53,18
DA:54,3
DA:57,18
DA:58,18
DA:59,10
DA:62,8
DA:63,3
DA:64,3
DA:66,1
DA:67,1
DA:71,8
DA:72,2
DA:75,8
DA:76,1
DA:81,12
DA:82,1
DA:87,11
DA:88,11
DA:89,11
DA:91,1
DA:94,11
DA:101,12
DA:105,12
DA:106,6
DA:107,6
DA:109,4
DA:118,4
DA:119,4
DA:122,1
DA:123,1
DA:124,1
DA:125,1
DA:126,1
DA:136,1
DA:137,1
DA:139,1
DA:142,1
DA:146,11
DA:147,11
DA:148,11
DA:153,11
DA:157,5
DA:159,5
DA:161,5
DA:163,5
DA:164,5
DA:168,5
DA:169,5
DA:173,11
DA:174,11
DA:176,11
DA:178,352
DA:180,352
DA:183,11
DA:187,3
DA:188,2
DA:191,1
DA:195,11
DA:196,11
DA:197,11
DA:201,3
DA:202,1
DA:204,2
DA:205,2
DA:206,2
DA:211,2
DA:212,1
DA:214,1
DA:218,3
DA:219,1
DA:221,2
DA:222,2
DA:223,1
DA:225,2
DA:229,4
DA:230,4
DA:231,4
DA:236,3
DA:237,3
DA:238,3
DA:243,3
DA:245,1
DA:246,1
DA:248,1
DA:249,1
DA:258,4
DA:259,4
DA:260,4
DA:261,3
DA:262,1
DA:264,2
DA:265,2
LF:104
LH:104
BRDA:58,0,0,10
BRDA:58,0,1,8
BRDA:71,1,0,2
BRDA:71,1,1,6
BRDA:81,2,0,1
BRDA:81,2,1,11
BRDA:94,3,0,5
BRDA:94,3,1,6
BRDA:107,4,0,4
BRDA:107,4,1,1
BRDA:107,4,2,1
BRDA:163,5,0,2
BRDA:163,5,1,3
BRDA:187,6,0,2
BRDA:187,6,1,1
BRDA:188,7,0,2
BRDA:188,7,1,1
BRDA:201,8,0,1
BRDA:201,8,1,2
BRDA:201,9,0,3
BRDA:201,9,1,2
BRDA:211,10,0,1
BRDA:211,10,1,1
BRDA:218,11,0,1
BRDA:218,11,1,2
BRDA:222,12,0,1
BRDA:222,12,1,1
BRDA:261,13,0,1
BRDA:261,13,1,2
BRF:29
BRH:29
end_of_record
TN:
SF:src\file-comparer.ts
FN:5,getFileComparer
FN:31,alphabeticalCompare
FN:35,alphabeticalReverseCompare
FN:39,byCreatedTimeCompare
FN:43,byCreatedTimeReverseCompare
FN:47,byModifiedTimeCompare
FN:51,byModifiedTimeReverseCompare
FNF:7
FNH:7
FNDA:8,getFileComparer
FNDA:6,alphabeticalCompare
FNDA:2,alphabeticalReverseCompare
FNDA:4,byCreatedTimeCompare
FNDA:2,byCreatedTimeReverseCompare
FNDA:4,byModifiedTimeCompare
FNDA:2,byModifiedTimeReverseCompare
DA:6,8
DA:8,1
DA:10,1
DA:12,1
DA:14,1
DA:16,1
DA:19,3
DA:23,2
DA:29,2
DA:32,6
DA:36,2
DA:40,4
DA:44,2
DA:48,4
DA:52,2
LF:15
LH:15
BRDA:6,0,0,1
BRDA:6,0,1,1
BRDA:6,0,2,1
BRDA:6,0,3,1
BRDA:6,0,4,1
BRDA:6,0,5,2
BRDA:6,0,6,3
BRF:7
BRH:7
end_of_record
TN:
SF:src\main.ts
FNF:0
FNH:0
LF:0
LH:0
BRF:0
BRH:0
end_of_record
TN:
SF:src\metadata.ts
FN:9,parseMetadataEx
FNF:1
FNH:1
FNDA:2,parseMetadataEx
DA:10,2
DA:11,2
DA:12,1
DA:14,2
LF:4
LH:4
BRDA:11,0,0,1
BRDA:11,0,1,1
BRF:2
BRH:2
end_of_record
TN:
SF:src\plugin-settings-component.ts
FN:14,(anonymous_0)
FNF:1
FNH:1
FNDA:1,(anonymous_0)
DA:15,1
LF:1
LH:1
BRF:0
BRH:0
end_of_record
TN:
SF:src\plugin-settings-tab.ts
FN:7,(anonymous_0)
FN:13,(anonymous_1)
FN:20,(anonymous_2)
FNF:3
FNH:3
FNDA:1,(anonymous_0)
FNDA:1,(anonymous_1)
FNDA:1,(anonymous_2)
DA:8,1
DA:10,1
DA:14,1
DA:17,1
DA:21,1
LF:5
LH:5
BRF:0
BRH:0
end_of_record
TN:
SF:src\plugin-settings.ts
FNF:0
FNH:0
DA:2,7
DA:3,7
LF:2
LH:2
BRF:0
BRH:0
end_of_record
TN:
SF:src\plugin.ts
FN:77,(anonymous_0)
FN:114,(anonymous_1)
FN:118,(anonymous_2)
FN:122,(anonymous_3)
FN:142,(anonymous_4)
FN:146,(anonymous_5)
FN:150,(anonymous_6)
FN:153,(anonymous_7)
FN:173,(anonymous_8)
FN:189,(anonymous_9)
FN:194,(anonymous_10)
FN:200,(anonymous_11)
FN:204,(anonymous_12)
FN:210,(anonymous_13)
FN:215,(anonymous_14)
FN:219,(anonymous_15)
FN:222,(anonymous_16)
FN:224,(anonymous_17)
FN:233,(anonymous_18)
FN:259,(anonymous_19)
FN:313,(anonymous_20)
FN:318,(anonymous_21)
FN:331,(anonymous_22)
FN:337,(anonymous_23)
FNF:24
FNH:24
FNDA:32,(anonymous_0)
FNDA:1,(anonymous_1)
FNDA:1,(anonymous_2)
FNDA:4,(anonymous_3)
FNDA:5,(anonymous_4)
FNDA:2,(anonymous_5)
FNDA:23,(anonymous_6)
FNDA:23,(anonymous_7)
FNDA:6,(anonymous_8)
FNDA:1,(anonymous_9)
FNDA:2,(anonymous_10)
FNDA:1,(anonymous_11)
FNDA:2,(anonymous_12)
FNDA:1,(anonymous_13)
FNDA:1,(anonymous_14)
FNDA:23,(anonymous_15)
FNDA:22,(anonymous_16)
FNDA:22,(anonymous_17)
FNDA:14,(anonymous_18)
FNDA:30,(anonymous_19)
FNDA:2,(anonymous_20)
FNDA:33,(anonymous_21)
FNDA:2,(anonymous_22)
FNDA:13,(anonymous_23)
DA:61,2
DA:71,32
DA:73,32
DA:74,32
DA:78,32
DA:79,32
DA:86,32
DA:90,32
DA:96,32
DA:97,32
DA:111,32
DA:115,1
DA:119,1
DA:123,4
DA:125,4
DA:126,4
DA:127,1
DA:130,3
DA:131,1
DA:134,2
DA:135,1
DA:138,1
DA:143,5
DA:147,2
DA:151,23
DA:152,23
DA:154,23
DA:158,23
DA:162,23
DA:163,23
DA:164,23
DA:165,23
DA:166,23
DA:167,23
DA:168,23
DA:169,23
DA:170,23
DA:174,6
DA:175,6
DA:177,6
DA:178,3
DA:179,3
DA:180,2
DA:181,2
DA:185,5
DA:186,5
DA:190,1
DA:191,1
DA:195,2
DA:196,1
DA:201,1
DA:205,2
DA:206,1
DA:211,1
DA:212,1
DA:216,1
DA:220,23
DA:222,22
DA:225,22
DA:234,14
DA:235,14
DA:237,14
DA:238,8
DA:239,1
DA:242,7
DA:244,4
DA:245,4
DA:247,2
DA:248,2
DA:250,1
DA:254,12
DA:255,1
DA:260,30
DA:261,30
DA:263,30
DA:265,30
DA:266,4
DA:269,26
DA:270,4
DA:276,22
DA:279,22
DA:281,22
DA:282,4
DA:285,18
DA:286,20
DA:287,1
DA:289,19
DA:290,19
DA:291,1
DA:294,18
DA:296,18
DA:297,15
DA:298,15
DA:301,18
DA:303,18
DA:304,16
DA:305,16
DA:308,18
DA:309,18
DA:314,2
DA:315,2
DA:319,33
DA:321,33
DA:322,3
DA:323,1
DA:325,2
DA:328,32
DA:332,2
DA:333,2
DA:334,2
DA:338,13
DA:339,13
LF:112
LH:112
BRDA:126,0,0,1
BRDA:126,0,1,3
BRDA:130,1,0,1
BRDA:130,1,1,2
BRDA:134,2,0,1
BRDA:134,2,1,1
BRDA:174,3,0,6
BRDA:174,3,1,2
BRDA:195,4,0,1
BRDA:195,4,1,1
BRDA:205,5,0,1
BRDA:205,5,1,1
BRDA:238,6,0,1
BRDA:238,6,1,7
BRDA:242,7,0,7
BRDA:242,7,1,2
BRDA:242,7,2,1
BRDA:254,8,0,1
BRDA:254,8,1,11
BRDA:254,9,0,12
BRDA:254,9,1,6
BRDA:265,10,0,4
BRDA:265,10,1,26
BRDA:269,11,0,4
BRDA:269,11,1,22
BRDA:269,12,0,26
BRDA:269,12,1,4
BRDA:281,13,0,4
BRDA:281,13,1,18
BRDA:286,14,0,1
BRDA:286,14,1,19
BRDA:290,15,0,1
BRDA:290,15,1,18
BRDA:296,16,0,15
BRDA:296,16,1,3
BRDA:303,17,0,16
BRDA:303,17,1,2
BRDA:319,18,0,33
BRDA:319,18,1,30
BRDA:322,19,0,1
BRDA:322,19,1,2
BRF:41
BRH:41
end_of_record
TN:
SF:src\command-handlers\refresh-backlink-panels-command-handler.ts
FN:24,(anonymous_0)
FN:36,(anonymous_1)
FNF:2
FNH:2
FNDA:2,(anonymous_0)
FNDA:1,(anonymous_1)
DA:25,2
DA:30,2
DA:37,1
LF:3
LH:3
BRF:0
BRH:0
end_of_record
